<?xml version="1.0" encoding="UTF-8"?>
<testng-results skipped="0" failed="0" total="1" passed="1">
  <reporter-output>
  </reporter-output>
  <suite name="Default suite" duration-ms="588491" started-at="2020-06-10T16:51:49Z" finished-at="2020-06-10T17:01:37Z">
    <groups>
    </groups>
    <test name="Default test" duration-ms="588491" started-at="2020-06-10T16:51:49Z" finished-at="2020-06-10T17:01:37Z">
      <class name="com.ghana.app.qa.testcases.Mutiple_Application">
        <test-method status="PASS" signature="setUp()[pri:0, instance:com.ghana.app.qa.testcases.Mutiple_Application@77f80c04]" name="setUp" is-config="true" duration-ms="125904" started-at="2020-06-10T22:21:49Z" finished-at="2020-06-10T22:23:55Z">
          <reporter-output>
          </reporter-output>
        </test-method> <!-- setUp -->
        <test-method status="PASS" signature="TestMethod()[pri:1, instance:com.ghana.app.qa.testcases.Mutiple_Application@77f80c04]" name="TestMethod" duration-ms="462237" started-at="2020-06-10T22:23:55Z" finished-at="2020-06-10T22:31:37Z">
          <reporter-output>
          </reporter-output>
        </test-method> <!-- TestMethod -->
      </class> <!-- com.ghana.app.qa.testcases.Mutiple_Application -->
    </test> <!-- Default test -->
  </suite> <!-- Default suite -->
</testng-results>
