<?xml version="1.0" encoding="UTF-8"?>
<!-- Generated by org.testng.reporters.JUnitXMLReporter -->
<testsuite hostname="namet5" ignored="0" name="VisaApplicationTest" tests="9" failures="0" timestamp="12 Feb 2020 08:17:58 GMT" time="426.721" errors="0">
  <testcase name="signUpAndFillSignUpPage" time="42.283" classname="com.ghana.app.qa.testcases.VisaPaymentPageTest"/>
  <testcase name="fillPersonalPageTest" time="30.363" classname="com.ghana.app.qa.testcases.VisaPaymentPageTest"/>
  <testcase name="fillAddressinfoPageTest" time="51.011" classname="com.ghana.app.qa.testcases.VisaPaymentPageTest"/>
  <testcase name="fillProffessionalinfoPageTest" time="54.704" classname="com.ghana.app.qa.testcases.VisaPaymentPageTest"/>
  <testcase name="fillEmmergencyinfoPageTest" time="52.749" classname="com.ghana.app.qa.testcases.VisaPaymentPageTest"/>
  <testcase name="fillTravelInfoPageTest" time="22.332" classname="com.ghana.app.qa.testcases.VisaPaymentPageTest"/>
  <testcase name="fillReferencesPageTest" time="100.326" classname="com.ghana.app.qa.testcases.VisaPaymentPageTest"/>
  <testcase name="documentPageTest" time="17.203" classname="com.ghana.app.qa.testcases.VisaPaymentPageTest"/>
  <testcase name="verifyClickOnSubmitBtnTest" time="19.18" classname="com.ghana.app.qa.testcases.VisaPaymentPageTest"/>
</testsuite> <!-- VisaApplicationTest -->
