<?xml version="1.0" encoding="UTF-8"?>
<!-- Generated by org.testng.reporters.JUnitXMLReporter -->
<testsuite hostname="namet5" ignored="0" name="VisaApplicationTest" tests="4" failures="0" timestamp="04 Jan 2020 11:26:33 GMT" time="35.208" errors="0">
  <testcase name="New_National_verification" time="4.544" classname="com.ghana.app.qa.testcases.Ghanian_National_Test"/>
  <testcase name="Previous_verification" time="2.532" classname="com.ghana.app.qa.testcases.Ghanian_National_Test"/>
  <testcase name="Fill_Form" time="2.929" classname="com.ghana.app.qa.testcases.Ghanian_National_Test"/>
  <testcase name="enterCaptcha_Register" time="5.849" classname="com.ghana.app.qa.testcases.Ghanian_National_Test"/>
</testsuite> <!-- VisaApplicationTest -->
